2025-05-19 13:10:19,642 - INFO - Loading genome...
2025-05-19 13:10:19,921 - INFO - Predicting ORFs...
2025-05-19 13:10:40,881 - INFO - Saved 7544 ORFs to outputs\predicted_orfs.csv
2025-05-19 13:10:40,881 - INFO - Saving ORF sequences to FASTA...
2025-05-19 13:10:40,996 - INFO - Extracting basic features...
2025-05-19 13:10:42,027 - INFO - Basic features saved to outputs\orf_features_basic.csv
2025-05-19 13:10:42,027 - INFO - Adding codon usage features...
2025-05-19 13:10:43,891 - INFO - Codon usage features saved to outputs\orf_features_with_codon_usage.csv
2025-05-19 13:10:43,894 - INFO - codon_GAA    0.039083
codon_AAA    0.039077
codon_AAT    0.031973
codon_GAT    0.031603
codon_TTT    0.029409
codon_AAG    0.028420
codon_ATT    0.028319
codon_TTG    0.027088
codon_TTA    0.025138
codon_TCT    0.024353
dtype: float64
2025-05-19 13:10:43,895 - INFO - Adding 3-mer frequency features...
2025-05-19 13:10:46,808 - INFO - 3-mer features saved to outputs\orf_features_with_kmers.csv
2025-05-19 13:10:46,808 - INFO - Plotting ORF length distribution...
2025-05-19 13:10:49,493 - INFO - Done!
2025-05-19 13:24:15,807 - INFO - Loading genome...
2025-05-19 13:24:15,880 - INFO - Predicting ORFs...
2025-05-19 13:24:36,309 - INFO - Saved 7544 ORFs to outputs\predicted_orfs.csv
2025-05-19 13:24:36,309 - INFO - Saving ORF sequences to FASTA...
2025-05-19 13:24:36,422 - INFO - Extracting basic features...
2025-05-19 13:24:37,424 - INFO - Basic features saved to outputs\orf_features_basic.csv
2025-05-19 13:24:37,424 - INFO - Adding codon usage features...
2025-05-19 13:24:39,155 - INFO - Codon usage features saved to outputs\orf_features_with_codon_usage.csv
2025-05-19 13:24:39,157 - INFO - codon_GAA    0.039083
codon_AAA    0.039077
codon_AAT    0.031973
codon_GAT    0.031603
codon_TTT    0.029409
codon_AAG    0.028420
codon_ATT    0.028319
codon_TTG    0.027088
codon_TTA    0.025138
codon_TCT    0.024353
dtype: float64
2025-05-19 13:24:39,158 - INFO - Adding 3-mer frequency features...
2025-05-19 13:24:41,955 - INFO - 3-mer features saved to outputs\orf_features_with_kmers.csv
2025-05-19 13:24:41,955 - INFO - Plotting ORF length distribution...
2025-05-19 13:24:43,391 - INFO - Done!
2025-05-19 13:24:47,543 - INFO - Loading genome...
2025-05-19 13:24:47,611 - INFO - Predicting ORFs...
2025-05-19 13:25:07,769 - INFO - Saved 7544 ORFs to outputs\predicted_orfs.csv
2025-05-19 13:25:07,769 - INFO - Saving ORF sequences to FASTA...
2025-05-19 13:25:07,881 - INFO - Extracting basic features...
2025-05-19 13:25:08,828 - INFO - Basic features saved to outputs\orf_features_basic.csv
2025-05-19 13:25:08,828 - INFO - Adding codon usage features...
2025-05-19 13:25:10,511 - INFO - Codon usage features saved to outputs\orf_features_with_codon_usage.csv
2025-05-19 13:25:10,514 - INFO - codon_GAA    0.039083
codon_AAA    0.039077
codon_AAT    0.031973
codon_GAT    0.031603
codon_TTT    0.029409
codon_AAG    0.028420
codon_ATT    0.028319
codon_TTG    0.027088
codon_TTA    0.025138
codon_TCT    0.024353
dtype: float64
2025-05-19 13:25:10,515 - INFO - Adding 3-mer frequency features...
2025-05-19 13:25:13,312 - INFO - 3-mer features saved to outputs\orf_features_with_kmers.csv
2025-05-19 13:25:13,312 - INFO - Plotting ORF length distribution...
2025-05-19 13:25:14,743 - INFO - Done!
2025-05-19 13:25:19,460 - INFO - Loading genome...
2025-05-19 13:25:19,529 - INFO - Predicting ORFs...
2025-05-19 13:25:39,824 - INFO - Saved 7544 ORFs to outputs\predicted_orfs.csv
2025-05-19 13:25:39,824 - INFO - Saving ORF sequences to FASTA...
2025-05-19 13:25:39,938 - INFO - Extracting basic features...
2025-05-19 13:25:40,883 - INFO - Basic features saved to outputs\orf_features_basic.csv
2025-05-19 13:25:40,883 - INFO - Adding codon usage features...
2025-05-19 13:25:42,550 - INFO - Codon usage features saved to outputs\orf_features_with_codon_usage.csv
2025-05-19 13:25:42,553 - INFO - codon_GAA    0.039083
codon_AAA    0.039077
codon_AAT    0.031973
codon_GAT    0.031603
codon_TTT    0.029409
codon_AAG    0.028420
codon_ATT    0.028319
codon_TTG    0.027088
codon_TTA    0.025138
codon_TCT    0.024353
dtype: float64
2025-05-19 13:25:42,553 - INFO - Adding 3-mer frequency features...
2025-05-19 13:25:45,354 - INFO - 3-mer features saved to outputs\orf_features_with_kmers.csv
2025-05-19 13:25:45,354 - INFO - Plotting ORF length distribution...
2025-05-19 13:25:53,346 - INFO - Done!
